<?xml version="1.0" encoding="UTF-8"?>
<!-- Generated by org.testng.reporters.JUnitReportReporter -->
<testsuite hostname="DESKTOP-KTOIL3E" failures="0" tests="2" name="maven.FristProject" time="0.646" errors="0" timestamp="2022-08-17T15:06:05 IST" skipped="0">
  <testcase classname="maven.FristProject" name="tMethod1" time="0.632"/>
  <system-out/>
  <testcase classname="maven.FristProject" name="tMethod2" time="0.014"/>
  <system-out/>
</testsuite> <!-- maven.FristProject -->
